<?xml version="1.0" encoding="UTF-8"?>
<testng-results skipped="0" failed="1" ignored="3" total="5" passed="1">
  <reporter-output>
    <line>
      <![CDATA[Click to see screenshot]]>
    </line>
    <line>
      <![CDATA[<a target = "_blank" href=C:\Users\humai\IdeaProjects\nopcommerce-maven-page-factory-sw5/test-output/html/verifyThatTheProductAddedSuccessfullyAndPlaceOrderSuccessfullyMon_Dec_12_20_20_23_GMT_2022.jpg>Screenshot</a>]]>
    </line>
    <line>
      <![CDATA[<br>]]>
    </line>
    <line>
      <![CDATA[<br>]]>
    </line>
    <line>
      <![CDATA[<a target = "_blank" href=C:\Users\humai\IdeaProjects\nopcommerce-maven-page-factory-sw5/test-output/html/verifyThatTheProductAddedSuccessfullyAndPlaceOrderSuccessfullyMon_Dec_12_20_20_23_GMT_2022.jpg><img src=C:\Users\humai\IdeaProjects\nopcommerce-maven-page-factory-sw5/test-output/html/verifyThatTheProductAddedSuccessfullyAndPlaceOrderSuccessfullyMon_Dec_12_20_20_23_GMT_2022.jpg height=200 width=200></img></a>]]>
    </line>
  </reporter-output>
  <suite name="Smoke Test" duration-ms="61987" started-at="2022-12-12T20:19:21 GMT" finished-at="2022-12-12T20:20:23 GMT">
    <groups>
      <group name="regression">
        <method signature="ComputerTest.verifyProductAddedToShoppingCartSuccessFully()[pri:0, instance:com.nopcommerce.demo.testsuite.ComputerTest@3578436e]" name="verifyProductAddedToShoppingCartSuccessFully" class="com.nopcommerce.demo.testsuite.ComputerTest"/>
        <method signature="ElectronicsTest.verifyThatTheProductAddedSuccessfullyAndPlaceOrderSuccessfully()[pri:0, instance:com.nopcommerce.demo.testsuite.ElectronicsTest@281e3708]" name="verifyThatTheProductAddedSuccessfullyAndPlaceOrderSuccessfully" class="com.nopcommerce.demo.testsuite.ElectronicsTest"/>
      </group> <!-- regression -->
      <group name="smoke">
        <method signature="ComputerTest.verifyProductAddedToShoppingCartSuccessFully()[pri:0, instance:com.nopcommerce.demo.testsuite.ComputerTest@3578436e]" name="verifyProductAddedToShoppingCartSuccessFully" class="com.nopcommerce.demo.testsuite.ComputerTest"/>
        <method signature="ElectronicsTest.verifyThatTheProductAddedSuccessfullyAndPlaceOrderSuccessfully()[pri:0, instance:com.nopcommerce.demo.testsuite.ElectronicsTest@281e3708]" name="verifyThatTheProductAddedSuccessfullyAndPlaceOrderSuccessfully" class="com.nopcommerce.demo.testsuite.ElectronicsTest"/>
      </group> <!-- smoke -->
    </groups>
    <test name="Smoke Test" duration-ms="61987" started-at="2022-12-12T20:19:21 GMT" finished-at="2022-12-12T20:20:23 GMT">
      <class name="com.nopcommerce.demo.testsuite.ComputerTest">
        <test-method status="PASS" signature="setUp()[pri:0, instance:com.nopcommerce.demo.testsuite.ComputerTest@3578436e]" name="setUp" is-config="true" duration-ms="4142" started-at="2022-12-12T20:19:22 GMT" finished-at="2022-12-12T20:19:26 GMT">
          <reporter-output>
          </reporter-output>
        </test-method> <!-- setUp -->
        <test-method status="PASS" signature="inIt()[pri:0, instance:com.nopcommerce.demo.testsuite.ComputerTest@3578436e]" name="inIt" is-config="true" duration-ms="47" started-at="2022-12-12T20:19:26 GMT" finished-at="2022-12-12T20:19:26 GMT">
          <reporter-output>
          </reporter-output>
        </test-method> <!-- inIt -->
        <test-method status="PASS" signature="verifyProductAddedToShoppingCartSuccessFully()[pri:0, instance:com.nopcommerce.demo.testsuite.ComputerTest@3578436e]" name="verifyProductAddedToShoppingCartSuccessFully" duration-ms="29359" started-at="2022-12-12T20:19:26 GMT" finished-at="2022-12-12T20:19:55 GMT">
          <reporter-output>
          </reporter-output>
        </test-method> <!-- verifyProductAddedToShoppingCartSuccessFully -->
        <test-method status="PASS" signature="tearDown()[pri:0, instance:com.nopcommerce.demo.testsuite.ComputerTest@3578436e]" name="tearDown" is-config="true" duration-ms="675" started-at="2022-12-12T20:19:55 GMT" finished-at="2022-12-12T20:19:56 GMT">
          <reporter-output>
          </reporter-output>
        </test-method> <!-- tearDown -->
      </class> <!-- com.nopcommerce.demo.testsuite.ComputerTest -->
      <class name="com.nopcommerce.demo.testsuite.ElectronicsTest">
        <test-method status="PASS" signature="setUp()[pri:0, instance:com.nopcommerce.demo.testsuite.ElectronicsTest@281e3708]" name="setUp" is-config="true" duration-ms="2774" started-at="2022-12-12T20:19:56 GMT" finished-at="2022-12-12T20:19:59 GMT">
          <reporter-output>
          </reporter-output>
        </test-method> <!-- setUp -->
        <test-method status="PASS" signature="inIt()[pri:0, instance:com.nopcommerce.demo.testsuite.ElectronicsTest@281e3708]" name="inIt" is-config="true" duration-ms="6" started-at="2022-12-12T20:19:59 GMT" finished-at="2022-12-12T20:19:59 GMT">
          <reporter-output>
          </reporter-output>
        </test-method> <!-- inIt -->
        <test-method status="FAIL" signature="verifyThatTheProductAddedSuccessfullyAndPlaceOrderSuccessfully()[pri:0, instance:com.nopcommerce.demo.testsuite.ElectronicsTest@281e3708]" name="verifyThatTheProductAddedSuccessfullyAndPlaceOrderSuccessfully" duration-ms="23754" started-at="2022-12-12T20:19:59 GMT" finished-at="2022-12-12T20:20:22 GMT">
          <exception class="org.openqa.selenium.ElementNotInteractableException">
            <message>
              <![CDATA[element not interactable
  (Session info: chrome=108.0.5359.99)
Build info: version: '4.6.0', revision: '79f1c02ae20'
System info: os.name: 'Windows 10', os.arch: 'amd64', os.version: '10.0', java.version: '1.8.0_121'
Driver info: org.openqa.selenium.chrome.ChromeDriver
Command: [e23d65c0a478c4064090bd85c26b8fe7, clickElement {id=9e668e49-83ce-491f-beee-6fb20e7d170b}]
Capabilities {acceptInsecureCerts: false, browserName: chrome, browserVersion: 108.0.5359.99, chrome: {chromedriverVersion: 108.0.5359.71 (1e0e3868ee06..., userDataDir: C:\Users\humai\AppData\Loca...}, goog:chromeOptions: {debuggerAddress: localhost:63217}, networkConnectionEnabled: false, pageLoadStrategy: normal, platformName: WINDOWS, proxy: Proxy(), se:cdp: ws://localhost:63217/devtoo..., se:cdpVersion: 108.0.5359.99, setWindowRect: true, strictFileInteractability: false, timeouts: {implicit: 0, pageLoad: 300000, script: 30000}, unhandledPromptBehavior: dismiss and notify, webauthn:extension:credBlob: true, webauthn:extension:largeBlob: true, webauthn:virtualAuthenticators: true}
Element: [[ChromeDriver: chrome on WINDOWS (e23d65c0a478c4064090bd85c26b8fe7)] -> xpath: //button[contains(text(),'Go to cart')]]
Session ID: e23d65c0a478c4064090bd85c26b8fe7]]>
            </message>
            <full-stacktrace>
              <![CDATA[org.openqa.selenium.ElementNotInteractableException: element not interactable
  (Session info: chrome=108.0.5359.99)
Build info: version: '4.6.0', revision: '79f1c02ae20'
System info: os.name: 'Windows 10', os.arch: 'amd64', os.version: '10.0', java.version: '1.8.0_121'
Driver info: org.openqa.selenium.chrome.ChromeDriver
Command: [e23d65c0a478c4064090bd85c26b8fe7, clickElement {id=9e668e49-83ce-491f-beee-6fb20e7d170b}]
Capabilities {acceptInsecureCerts: false, browserName: chrome, browserVersion: 108.0.5359.99, chrome: {chromedriverVersion: 108.0.5359.71 (1e0e3868ee06..., userDataDir: C:\Users\humai\AppData\Loca...}, goog:chromeOptions: {debuggerAddress: localhost:63217}, networkConnectionEnabled: false, pageLoadStrategy: normal, platformName: WINDOWS, proxy: Proxy(), se:cdp: ws://localhost:63217/devtoo..., se:cdpVersion: 108.0.5359.99, setWindowRect: true, strictFileInteractability: false, timeouts: {implicit: 0, pageLoad: 300000, script: 30000}, unhandledPromptBehavior: dismiss and notify, webauthn:extension:credBlob: true, webauthn:extension:largeBlob: true, webauthn:virtualAuthenticators: true}
Element: [[ChromeDriver: chrome on WINDOWS (e23d65c0a478c4064090bd85c26b8fe7)] -> xpath: //button[contains(text(),'Go to cart')]]
Session ID: e23d65c0a478c4064090bd85c26b8fe7
at sun.reflect.NativeConstructorAccessorImpl.newInstance0(Native Method)
at sun.reflect.NativeConstructorAccessorImpl.newInstance(NativeConstructorAccessorImpl.java:62)
at sun.reflect.DelegatingConstructorAccessorImpl.newInstance(DelegatingConstructorAccessorImpl.java:45)
at java.lang.reflect.Constructor.newInstance(Constructor.java:423)
at org.openqa.selenium.remote.codec.w3c.W3CHttpResponseCodec.createException(W3CHttpResponseCodec.java:200)
at org.openqa.selenium.remote.codec.w3c.W3CHttpResponseCodec.decode(W3CHttpResponseCodec.java:133)
at org.openqa.selenium.remote.codec.w3c.W3CHttpResponseCodec.decode(W3CHttpResponseCodec.java:53)
at org.openqa.selenium.remote.HttpCommandExecutor.execute(HttpCommandExecutor.java:184)
at org.openqa.selenium.remote.service.DriverCommandExecutor.invokeExecute(DriverCommandExecutor.java:167)
at org.openqa.selenium.remote.service.DriverCommandExecutor.execute(DriverCommandExecutor.java:142)
at org.openqa.selenium.remote.RemoteWebDriver.execute(RemoteWebDriver.java:541)
at org.openqa.selenium.remote.RemoteWebElement.execute(RemoteWebElement.java:257)
at org.openqa.selenium.remote.RemoteWebElement.click(RemoteWebElement.java:78)
at sun.reflect.GeneratedMethodAccessor1.invoke(Unknown Source)
at sun.reflect.DelegatingMethodAccessorImpl.invoke(DelegatingMethodAccessorImpl.java:43)
at java.lang.reflect.Method.invoke(Method.java:498)
at org.openqa.selenium.support.pagefactory.internal.LocatingElementHandler.invoke(LocatingElementHandler.java:52)
at com.sun.proxy.$Proxy15.click(Unknown Source)
at com.nopcommerce.demo.utility.Utility.clickOnElement(Utility.java:50)
at com.nopcommerce.demo.pages.NokiaLumiaPage.clickOnShoppingCartLink(NokiaLumiaPage.java:66)
at com.nopcommerce.demo.testsuite.ElectronicsTest.verifyThatTheProductAddedSuccessfullyAndPlaceOrderSuccessfully(ElectronicsTest.java:65)
at sun.reflect.NativeMethodAccessorImpl.invoke0(Native Method)
at sun.reflect.NativeMethodAccessorImpl.invoke(NativeMethodAccessorImpl.java:62)
at sun.reflect.DelegatingMethodAccessorImpl.invoke(DelegatingMethodAccessorImpl.java:43)
at java.lang.reflect.Method.invoke(Method.java:498)
at org.testng.internal.invokers.MethodInvocationHelper.invokeMethod(MethodInvocationHelper.java:135)
at org.testng.internal.invokers.TestInvoker.invokeMethod(TestInvoker.java:673)
at org.testng.internal.invokers.TestInvoker.invokeTestMethod(TestInvoker.java:220)
at org.testng.internal.invokers.MethodRunner.runInSequence(MethodRunner.java:50)
at org.testng.internal.invokers.TestInvoker$MethodInvocationAgent.invoke(TestInvoker.java:945)
at org.testng.internal.invokers.TestInvoker.invokeTestMethods(TestInvoker.java:193)
at org.testng.internal.invokers.TestMethodWorker.invokeTestMethods(TestMethodWorker.java:146)
at org.testng.internal.invokers.TestMethodWorker.run(TestMethodWorker.java:128)
at java.util.ArrayList.forEach(ArrayList.java:1249)
at org.testng.TestRunner.privateRun(TestRunner.java:808)
at org.testng.TestRunner.run(TestRunner.java:603)
at org.testng.SuiteRunner.runTest(SuiteRunner.java:429)
at org.testng.SuiteRunner.runSequentially(SuiteRunner.java:423)
at org.testng.SuiteRunner.privateRun(SuiteRunner.java:383)
at org.testng.SuiteRunner.run(SuiteRunner.java:326)
at org.testng.SuiteRunnerWorker.runSuite(SuiteRunnerWorker.java:52)
at org.testng.SuiteRunnerWorker.run(SuiteRunnerWorker.java:95)
at org.testng.TestNG.runSuitesSequentially(TestNG.java:1249)
at org.testng.TestNG.runSuitesLocally(TestNG.java:1169)
at org.testng.TestNG.runSuites(TestNG.java:1092)
at org.testng.TestNG.run(TestNG.java:1060)
at com.intellij.rt.testng.IDEARemoteTestNG.run(IDEARemoteTestNG.java:66)
at com.intellij.rt.testng.RemoteTestNGStarter.main(RemoteTestNGStarter.java:109)
]]>
            </full-stacktrace>
          </exception> <!-- org.openqa.selenium.ElementNotInteractableException -->
          <reporter-output>
            <line>
              <![CDATA[Click to see screenshot]]>
            </line>
            <line>
              <![CDATA[<a target = "_blank" href=C:\Users\humai\IdeaProjects\nopcommerce-maven-page-factory-sw5/test-output/html/verifyThatTheProductAddedSuccessfullyAndPlaceOrderSuccessfullyMon_Dec_12_20_20_23_GMT_2022.jpg>Screenshot</a>]]>
            </line>
            <line>
              <![CDATA[<br>]]>
            </line>
            <line>
              <![CDATA[<br>]]>
            </line>
            <line>
              <![CDATA[<a target = "_blank" href=C:\Users\humai\IdeaProjects\nopcommerce-maven-page-factory-sw5/test-output/html/verifyThatTheProductAddedSuccessfullyAndPlaceOrderSuccessfullyMon_Dec_12_20_20_23_GMT_2022.jpg><img src=C:\Users\humai\IdeaProjects\nopcommerce-maven-page-factory-sw5/test-output/html/verifyThatTheProductAddedSuccessfullyAndPlaceOrderSuccessfullyMon_Dec_12_20_20_23_GMT_2022.jpg height=200 width=200></img></a>]]>
            </line>
          </reporter-output>
        </test-method> <!-- verifyThatTheProductAddedSuccessfullyAndPlaceOrderSuccessfully -->
        <test-method status="PASS" signature="tearDown()[pri:0, instance:com.nopcommerce.demo.testsuite.ElectronicsTest@281e3708]" name="tearDown" is-config="true" duration-ms="690" started-at="2022-12-12T20:20:23 GMT" finished-at="2022-12-12T20:20:23 GMT">
          <reporter-output>
          </reporter-output>
        </test-method> <!-- tearDown -->
      </class> <!-- com.nopcommerce.demo.testsuite.ElectronicsTest -->
    </test> <!-- Smoke Test -->
  </suite> <!-- Smoke Test -->
</testng-results>
