<?xml version="1.0" encoding="UTF-8"?>
<!-- Generated by org.testng.reporters.JUnitXMLReporter -->
<testsuite hostname="Humaira" ignored="2" name="Sanity Test" tests="3" failures="0" timestamp="2022-12-12T20:17:13 GMT" time="24.134" errors="0">
  <testcase name="verifyProductArrangeInAlphaBaticalOrder" time="1.441" classname="com.nopcommerce.demo.testsuite.ComputerTest"/>
  <testcase name="verifyUserShouldNavigateToCellPhonesPageSuccessfully" time="1.52" classname="com.nopcommerce.demo.testsuite.ElectronicsTest"/>
  <testcase name="verifyPageNavigation" time="10.676" classname="com.nopcommerce.demo.testsuite.HomePageTest"/>
  <testcase name="verifyProductAddedToShoppingCartSuccessFully" time="0.0" classname="com.nopcommerce.demo.testsuite.ComputerTest">
    <ignored/>
  </testcase> <!-- verifyProductAddedToShoppingCartSuccessFully -->
  <testcase name="verifyThatTheProductAddedSuccessfullyAndPlaceOrderSuccessfully" time="0.0" classname="com.nopcommerce.demo.testsuite.ElectronicsTest">
    <ignored/>
  </testcase> <!-- verifyThatTheProductAddedSuccessfullyAndPlaceOrderSuccessfully -->
</testsuite> <!-- Sanity Test -->
